mkdir a1 #Question 1
~ #Question 2
id #Question 3
ls /proc/ | grep me* #Question 4
ls /proc/ | grep cp* #Question 4
head /proc/meminfo #Question 5
head /proc/cpuinfo #Question 6
cat /proc/cpuinfo #Question 6
tail /proc/cpuinfo #Question 6
tail /proc/cpuinfohead /proc/meminfo #Question 6
cd
/etc
cd /etc
ls
grep operating*
ls /etc | grep os* #Question 7
ls /etc | cat os-release


cp /datasets/taxidata.tar.gz .
ls
tar
tar --help
tar -xzf taxidata.tar.gz
ls
ls taxidata
cat 2019-08.csv
cd 2019-08.csv
grep '2019-05-12' taxidata | grep av*
grep '2019-05-12' taxidata.csv | grep av*
grep '2019-03-12' taxidata.csv | grep -v '2019-03-12.*2019-03-12'
cd taxidata
ls
clear
ls
cd 2019-09.csv
vim 2019-09.csv
grep 2019-05-12
grep '2019-05-12' 2019-09.csv
grep '2019-05' 2019-09.csv
grep "2019-05-12" 2019-09.csv
grep '2019-05'
 grep '2019-05-12' taxidata.csv
grep '2019-05-12' 2019-09.csv
vim 2019-09.csv
grep 2019
ls
~
`
~
cd
tar -xzf taxidata.tar.gz
ls
tar -xzf taxidata.tar.gz
rm -f taxidata
rm taxidata
rm -r taxidata
ls
tar -xzf taxidata.tar.gz
ls
ls taxidata
rm taxidata
rm -r taxidata
tar -x taxidata.tar.gz
tar -xf taxidata.tar.gz
ls taxidata
rm -r taxidata
tar -xvzf taxidata.tar.gz
ls
rm -f taxidata
rm -r taxidata
ls
tar -xzf taxidata.tar.gz
rm -r taxidata
ls
tar -xvzf taxidata.tar.gz
cd taxidata
ls
grep '2019-05-12' taxidata.csv
grep '2019-05-12' 
grep 2019-05-12
sort 2019-05.csv
